<?xml version="1.0" encoding="UTF-8"?>
<!-- Generated by org.testng.reporters.JUnitReportReporter -->
<testsuite hostname="QT-INBG-LT0361" failures="0" tests="1" name="AllMobiles" time="8.690" errors="0" timestamp="2022-09-19T11:42:11 IST" skipped="0">
  <testcase classname="AllMobiles" name="allMobilesMethod" time="8.690"/>
  <system-out/>
</testsuite> <!-- AllMobiles -->
